Arguments: 
  C:\Program Files\nodejs\node.exe C:\Program Files (x86)\Yarn\bin\yarn.js add vue vue-resource

PATH: 
  C:\ProgramData\Oracle\Java\javapath;C:\Program Files (x86)\Intel\iCLS Client\;C:\Program Files\Intel\iCLS Client\;C:\Windows\system32;C:\Windows;C:\Windows\System32\Wbem;C:\Windows\System32\WindowsPowerShell\v1.0\;C:\Program Files\Intel\Intel(R) Management Engine Components\DAL;C:\Program Files\Intel\Intel(R) Management Engine Components\IPT;C:\Program Files (x86)\Intel\Intel(R) Management Engine Components\DAL;C:\Program Files (x86)\Intel\Intel(R) Management Engine Components\IPT;C:\Program Files (x86)\NVIDIA Corporation\PhysX\Common;C:\postgreSQL\pg95\bin;C:\Program Files\MySQL\MySQL Utilities 1.6\;C:\Tools\Git\cmd;F:\destributives\Maven\apache-maven-3.5.0\bin;F:\go\bin;%NVM_HOME%;%NVM_SYMLINK%;C:\Program Files\nodejs\;C:\Program Files (x86)\Yarn\bin\;F:\java\bin;C:\Users\Вадим\go\bin;C:\Users\Вадим\AppData\Local\Programs\Fiddler;C:\Users\Вадим\AppData\Roaming\nvm;C:\Program Files\nodejs;C:\Users\Вадим\AppData\Roaming\npm;C:\Users\Вадим\AppData\Local\Yarn\bin;F:\go\bin

Yarn version: 
  1.16.0

Node version: 
  10.16.0

Platform: 
  win32 x64

Trace: 
  SyntaxError: F:\javaproject\sarafan\package.json: Unexpected token y in JSON at position 0
      at JSON.parse (<anonymous>)
      at C:\Program Files (x86)\Yarn\lib\cli.js:1625:59
      at Generator.next (<anonymous>)
      at step (C:\Program Files (x86)\Yarn\lib\cli.js:304:30)
      at C:\Program Files (x86)\Yarn\lib\cli.js:315:13

npm manifest: 
  ya{
    "name": "sarafan",
    "version": "1.0.0",
    "main": "index.js",
    "repository": "https://github.com/vkraynov/new-sarafan.git",
    "author": "JavaIMMB <electropo4ta2015@yandex.ru>",
    "license": "MIT"
  }

yarn manifest: 
  No manifest

Lockfile: 
  No lockfile
